<?xml version="1.0" encoding="UTF-8"?>
<testsuite name="TraderTest" tests="3" skipped="0" failures="0" errors="0" timestamp="2022-10-09T21:59:30" hostname="WADDLED" time="0.013">
  <properties/>
  <testcase name="TestEmptyConstructor" classname="TraderTest" time="0.007"/>
  <testcase name="TestAddToWishlist" classname="TraderTest" time="0.004"/>
  <testcase name="TestGetSellingPrice" classname="TraderTest" time="0.001"/>
  <system-out><![CDATA[]]></system-out>
  <system-err><![CDATA[]]></system-err>
</testsuite>
